{"/Users/jp/repos/personal/kalshi-trader/src/config.js": {"path":"/Users/jp/repos/personal/kalshi-trader/src/config.js","all":false,"statementMap":{"0":{"start":{"line":1,"column":0},"end":{"line":1,"column":48}},"2":{"start":{"line":3,"column":0},"end":{"line":3,"column":3}},"3":{"start":{"line":4,"column":0},"end":{"line":4,"column":64}},"4":{"start":{"line":5,"column":0},"end":{"line":5,"column":81}},"5":{"start":{"line":6,"column":0},"end":{"line":6,"column":78}},"6":{"start":{"line":7,"column":0},"end":{"line":7,"column":58}},"7":{"start":{"line":8,"column":0},"end":{"line":8,"column":3}},"8":{"start":{"line":9,"column":0},"end":{"line":9,"column":33}},"9":{"start":{"line":10,"column":0},"end":{"line":10,"column":13}},"10":{"start":{"line":11,"column":0},"end":{"line":11,"column":19}},"11":{"start":{"line":12,"column":0},"end":{"line":12,"column":22}},"12":{"start":{"line":13,"column":0},"end":{"line":13,"column":3}},"14":{"start":{"line":15,"column":0},"end":{"line":15,"column":18}},"15":{"start":{"line":16,"column":0},"end":{"line":16,"column":17}},"16":{"start":{"line":17,"column":0},"end":{"line":17,"column":90}},"18":{"start":{"line":19,"column":0},"end":{"line":19,"column":28}},"19":{"start":{"line":20,"column":0},"end":{"line":20,"column":39}},"21":{"start":{"line":22,"column":0},"end":{"line":22,"column":29}},"22":{"start":{"line":23,"column":0},"end":{"line":23,"column":79}},"23":{"start":{"line":24,"column":0},"end":{"line":24,"column":76}},"24":{"start":{"line":25,"column":0},"end":{"line":25,"column":86}},"26":{"start":{"line":27,"column":0},"end":{"line":27,"column":25}},"27":{"start":{"line":28,"column":0},"end":{"line":28,"column":59}},"28":{"start":{"line":29,"column":0},"end":{"line":29,"column":52}},"29":{"start":{"line":30,"column":0},"end":{"line":30,"column":59}},"30":{"start":{"line":31,"column":0},"end":{"line":31,"column":60}},"31":{"start":{"line":32,"column":0},"end":{"line":32,"column":60}},"32":{"start":{"line":33,"column":0},"end":{"line":33,"column":59}},"34":{"start":{"line":35,"column":0},"end":{"line":35,"column":22}},"35":{"start":{"line":36,"column":0},"end":{"line":36,"column":51}},"36":{"start":{"line":37,"column":0},"end":{"line":37,"column":47}},"38":{"start":{"line":39,"column":0},"end":{"line":39,"column":20}},"39":{"start":{"line":40,"column":0},"end":{"line":40,"column":43}},"40":{"start":{"line":41,"column":0},"end":{"line":41,"column":4}},"42":{"start":{"line":43,"column":0},"end":{"line":43,"column":31}},"43":{"start":{"line":44,"column":0},"end":{"line":44,"column":1}}},"s":{"0":1,"2":1,"3":1,"4":1,"5":1,"6":1,"7":1,"8":1,"9":6,"10":2,"11":2,"12":2,"14":6,"15":6,"16":6,"18":6,"19":6,"21":6,"22":6,"23":6,"24":6,"26":6,"27":6,"28":6,"29":6,"30":6,"31":6,"32":6,"34":6,"35":6,"36":6,"38":6,"39":6,"40":6,"42":6,"43":6},"branchMap":{"0":{"type":"branch","line":9,"loc":{"start":{"line":9,"column":7},"end":{"line":44,"column":1}},"locations":[{"start":{"line":9,"column":7},"end":{"line":44,"column":1}}]},"1":{"type":"branch","line":10,"loc":{"start":{"line":10,"column":12},"end":{"line":13,"column":3}},"locations":[{"start":{"line":10,"column":12},"end":{"line":13,"column":3}}]},"2":{"type":"branch","line":17,"loc":{"start":{"line":17,"column":39},"end":{"line":17,"column":89}},"locations":[{"start":{"line":17,"column":39},"end":{"line":17,"column":89}}]},"3":{"type":"branch","line":20,"loc":{"start":{"line":20,"column":33},"end":{"line":20,"column":38}},"locations":[{"start":{"line":20,"column":33},"end":{"line":20,"column":38}}]},"4":{"type":"branch","line":23,"loc":{"start":{"line":23,"column":63},"end":{"line":23,"column":73}},"locations":[{"start":{"line":23,"column":63},"end":{"line":23,"column":73}}]},"5":{"type":"branch","line":24,"loc":{"start":{"line":24,"column":59},"end":{"line":24,"column":70}},"locations":[{"start":{"line":24,"column":59},"end":{"line":24,"column":70}}]},"6":{"type":"branch","line":25,"loc":{"start":{"line":25,"column":69},"end":{"line":25,"column":80}},"locations":[{"start":{"line":25,"column":69},"end":{"line":25,"column":80}}]},"7":{"type":"branch","line":28,"loc":{"start":{"line":28,"column":49},"end":{"line":28,"column":57}},"locations":[{"start":{"line":28,"column":49},"end":{"line":28,"column":57}}]},"8":{"type":"branch","line":29,"loc":{"start":{"line":29,"column":44},"end":{"line":29,"column":50}},"locations":[{"start":{"line":29,"column":44},"end":{"line":29,"column":50}}]},"9":{"type":"branch","line":30,"loc":{"start":{"line":30,"column":49},"end":{"line":30,"column":57}},"locations":[{"start":{"line":30,"column":49},"end":{"line":30,"column":57}}]},"10":{"type":"branch","line":31,"loc":{"start":{"line":31,"column":52},"end":{"line":31,"column":58}},"locations":[{"start":{"line":31,"column":52},"end":{"line":31,"column":58}}]},"11":{"type":"branch","line":32,"loc":{"start":{"line":32,"column":49},"end":{"line":32,"column":58}},"locations":[{"start":{"line":32,"column":49},"end":{"line":32,"column":58}}]},"12":{"type":"branch","line":33,"loc":{"start":{"line":33,"column":45},"end":{"line":33,"column":53}},"locations":[{"start":{"line":33,"column":45},"end":{"line":33,"column":53}}]},"13":{"type":"branch","line":36,"loc":{"start":{"line":36,"column":45},"end":{"line":36,"column":50}},"locations":[{"start":{"line":36,"column":45},"end":{"line":36,"column":50}}]},"14":{"type":"branch","line":37,"loc":{"start":{"line":37,"column":41},"end":{"line":37,"column":46}},"locations":[{"start":{"line":37,"column":41},"end":{"line":37,"column":46}}]},"15":{"type":"branch","line":40,"loc":{"start":{"line":40,"column":28},"end":{"line":40,"column":37}},"locations":[{"start":{"line":40,"column":28},"end":{"line":40,"column":37}}]}},"b":{"0":[6],"1":[2],"2":[5],"3":[4],"4":[5],"5":[5],"6":[5],"7":[5],"8":[5],"9":[5],"10":[5],"11":[5],"12":[5],"13":[5],"14":[5],"15":[4]},"fnMap":{"0":{"name":"loadConfig","decl":{"start":{"line":9,"column":7},"end":{"line":44,"column":1}},"loc":{"start":{"line":9,"column":7},"end":{"line":44,"column":1}},"line":9}},"f":{"0":6}}
,"/Users/jp/repos/personal/kalshi-trader/src/index.js": {"path":"/Users/jp/repos/personal/kalshi-trader/src/index.js","all":false,"statementMap":{"0":{"start":{"line":1,"column":0},"end":{"line":1,"column":41}},"2":{"start":{"line":3,"column":0},"end":{"line":3,"column":3}},"3":{"start":{"line":4,"column":0},"end":{"line":4,"column":48}},"4":{"start":{"line":5,"column":0},"end":{"line":5,"column":40}},"5":{"start":{"line":6,"column":0},"end":{"line":6,"column":3}},"6":{"start":{"line":7,"column":0},"end":{"line":7,"column":30}},"7":{"start":{"line":8,"column":0},"end":{"line":8,"column":30}},"9":{"start":{"line":10,"column":0},"end":{"line":10,"column":82}},"10":{"start":{"line":11,"column":0},"end":{"line":11,"column":67}},"11":{"start":{"line":12,"column":0},"end":{"line":12,"column":64}},"12":{"start":{"line":13,"column":0},"end":{"line":13,"column":88}},"13":{"start":{"line":14,"column":0},"end":{"line":14,"column":84}},"15":{"start":{"line":16,"column":0},"end":{"line":16,"column":54}},"16":{"start":{"line":17,"column":0},"end":{"line":17,"column":31}},"17":{"start":{"line":18,"column":0},"end":{"line":18,"column":32}},"18":{"start":{"line":19,"column":0},"end":{"line":19,"column":30}},"19":{"start":{"line":20,"column":0},"end":{"line":20,"column":20}},"20":{"start":{"line":21,"column":0},"end":{"line":21,"column":27}},"21":{"start":{"line":22,"column":0},"end":{"line":22,"column":28}},"22":{"start":{"line":23,"column":0},"end":{"line":23,"column":26}},"23":{"start":{"line":24,"column":0},"end":{"line":24,"column":29}},"25":{"start":{"line":26,"column":0},"end":{"line":26,"column":16}},"26":{"start":{"line":27,"column":0},"end":{"line":27,"column":1}}},"s":{"0":1,"2":1,"3":1,"4":1,"5":1,"6":1,"7":2,"9":2,"10":2,"11":2,"12":2,"13":2,"15":2,"16":2,"17":2,"18":2,"19":2,"20":2,"21":2,"22":2,"23":2,"25":2,"26":2},"branchMap":{"0":{"type":"branch","line":7,"loc":{"start":{"line":7,"column":7},"end":{"line":27,"column":1}},"locations":[{"start":{"line":7,"column":7},"end":{"line":27,"column":1}}]}},"b":{"0":[2]},"fnMap":{"0":{"name":"main","decl":{"start":{"line":7,"column":7},"end":{"line":27,"column":1}},"loc":{"start":{"line":7,"column":7},"end":{"line":27,"column":1}},"line":7}},"f":{"0":2}}
}
